<?xml version="1.0" encoding="UTF-8"?>
<!-- Generated by org.testng.reporters.JUnitXMLReporter -->
<testsuite ignored="0" hostname="DESKTOP-QCMMN7B" failures="0" tests="10" name="Default test" time="2.46" errors="0" timestamp="2023-01-30T12:45:08 IST">
  <testcase classname="com.OHRMApplication.LoginFunctionality" name="@BeforeTest setup" time="2.254">
    <failure type="org.openqa.selenium.SessionNotCreatedException" message="session not created: This version of ChromeDriver only supports Chrome version 107
Current browser version is 109.0.5414.120 with binary path C:\Program Files\Google\Chrome\Application\chrome.exe
Build info: version: &amp;apos;3.141.59&amp;apos;, revision: &amp;apos;e82be7d358&amp;apos;, time: &amp;apos;2018-11-14T08:17:03&amp;apos;
System info: host: &amp;apos;DESKTOP-QCMMN7B&amp;apos;, ip: &amp;apos;127.0.0.1&amp;apos;, os.name: &amp;apos;Windows 10&amp;apos;, os.arch: &amp;apos;amd64&amp;apos;, os.version: &amp;apos;10.0&amp;apos;, java.version: &amp;apos;11.0.15&amp;apos;
Driver info: driver.version: ChromeDriver
remote stacktrace: Backtrace:
	Ordinal0 [0x0032ACD3+2075859]
	Ordinal0 [0x002BEE61+1633889]
	Ordinal0 [0x001BB7BD+571325]
	Ordinal0 [0x001DDFCD+712653]
	Ordinal0 [0x001D9266+692838]
	Ordinal0 [0x001D6BE9+682985]
	Ordinal0 [0x0020DBD3+908243]
	Ordinal0 [0x0020D6AA+906922]
	Ordinal0 [0x00207136+880950]
	Ordinal0 [0x001DFEFD+720637]
	Ordinal0 [0x001E0F3F+724799]
	GetHandleVerifier [0x005DEED2+2769538]
	GetHandleVerifier [0x005D0D95+2711877]
	GetHandleVerifier [0x003BA03A+521194]
	GetHandleVerifier [0x003B8DA0+516432]
	Ordinal0 [0x002C682C+1665068]
	Ordinal0 [0x002CB128+1683752]
	Ordinal0 [0x002CB215+1683989]
	Ordinal0 [0x002D6484+1729668]
	BaseThreadInitThunk [0x75F900F9+25]
	RtlGetAppContainerNamedObjectPath [0x77BE7BBE+286]
	RtlGetAppContainerNamedObjectPath [0x77BE7B8E+238]
">
      <![CDATA[org.openqa.selenium.SessionNotCreatedException: session not created: This version of ChromeDriver only supports Chrome version 107
Current browser version is 109.0.5414.120 with binary path C:\Program Files\Google\Chrome\Application\chrome.exe
Build info: version: '3.141.59', revision: 'e82be7d358', time: '2018-11-14T08:17:03'
System info: host: 'DESKTOP-QCMMN7B', ip: '127.0.0.1', os.name: 'Windows 10', os.arch: 'amd64', os.version: '10.0', java.version: '11.0.15'
Driver info: driver.version: ChromeDriver
remote stacktrace: Backtrace:
Ordinal0 [0x0032ACD3+2075859]
Ordinal0 [0x002BEE61+1633889]
Ordinal0 [0x001BB7BD+571325]
Ordinal0 [0x001DDFCD+712653]
Ordinal0 [0x001D9266+692838]
Ordinal0 [0x001D6BE9+682985]
Ordinal0 [0x0020DBD3+908243]
Ordinal0 [0x0020D6AA+906922]
Ordinal0 [0x00207136+880950]
Ordinal0 [0x001DFEFD+720637]
Ordinal0 [0x001E0F3F+724799]
GetHandleVerifier [0x005DEED2+2769538]
GetHandleVerifier [0x005D0D95+2711877]
GetHandleVerifier [0x003BA03A+521194]
GetHandleVerifier [0x003B8DA0+516432]
Ordinal0 [0x002C682C+1665068]
Ordinal0 [0x002CB128+1683752]
Ordinal0 [0x002CB215+1683989]
Ordinal0 [0x002D6484+1729668]
BaseThreadInitThunk [0x75F900F9+25]
RtlGetAppContainerNamedObjectPath [0x77BE7BBE+286]
RtlGetAppContainerNamedObjectPath [0x77BE7B8E+238]

at java.base/jdk.internal.reflect.NativeConstructorAccessorImpl.newInstance0(Native Method)
at java.base/jdk.internal.reflect.NativeConstructorAccessorImpl.newInstance(NativeConstructorAccessorImpl.java:62)
at java.base/jdk.internal.reflect.DelegatingConstructorAccessorImpl.newInstance(DelegatingConstructorAccessorImpl.java:45)
at java.base/java.lang.reflect.Constructor.newInstance(Constructor.java:490)
at org.openqa.selenium.remote.W3CHandshakeResponse.lambda$errorHandler$0(W3CHandshakeResponse.java:62)
at org.openqa.selenium.remote.HandshakeResponse.lambda$getResponseFunction$0(HandshakeResponse.java:30)
at org.openqa.selenium.remote.ProtocolHandshake.lambda$createSession$0(ProtocolHandshake.java:126)
at java.base/java.util.stream.ReferencePipeline$3$1.accept(ReferencePipeline.java:195)
at java.base/java.util.Spliterators$ArraySpliterator.tryAdvance(Spliterators.java:958)
at java.base/java.util.stream.ReferencePipeline.forEachWithCancel(ReferencePipeline.java:127)
at java.base/java.util.stream.AbstractPipeline.copyIntoWithCancel(AbstractPipeline.java:502)
at java.base/java.util.stream.AbstractPipeline.copyInto(AbstractPipeline.java:488)
at java.base/java.util.stream.AbstractPipeline.wrapAndCopyInto(AbstractPipeline.java:474)
at java.base/java.util.stream.FindOps$FindOp.evaluateSequential(FindOps.java:150)
at java.base/java.util.stream.AbstractPipeline.evaluate(AbstractPipeline.java:234)
at java.base/java.util.stream.ReferencePipeline.findFirst(ReferencePipeline.java:543)
at org.openqa.selenium.remote.ProtocolHandshake.createSession(ProtocolHandshake.java:128)
at org.openqa.selenium.remote.ProtocolHandshake.createSession(ProtocolHandshake.java:74)
at org.openqa.selenium.remote.HttpCommandExecutor.execute(HttpCommandExecutor.java:136)
at org.openqa.selenium.remote.service.DriverCommandExecutor.execute(DriverCommandExecutor.java:83)
at org.openqa.selenium.remote.RemoteWebDriver.execute(RemoteWebDriver.java:552)
at org.openqa.selenium.remote.RemoteWebDriver.startSession(RemoteWebDriver.java:213)
at org.openqa.selenium.remote.RemoteWebDriver.<init>(RemoteWebDriver.java:131)
at org.openqa.selenium.chrome.ChromeDriver.<init>(ChromeDriver.java:181)
at org.openqa.selenium.chrome.ChromeDriver.<init>(ChromeDriver.java:168)
at org.openqa.selenium.chrome.ChromeDriver.<init>(ChromeDriver.java:123)
at com.OHRMApplication.LoginFunctionality.setup(LoginFunctionality.java:32)
at java.base/jdk.internal.reflect.NativeMethodAccessorImpl.invoke0(Native Method)
at java.base/jdk.internal.reflect.NativeMethodAccessorImpl.invoke(NativeMethodAccessorImpl.java:62)
at java.base/jdk.internal.reflect.DelegatingMethodAccessorImpl.invoke(DelegatingMethodAccessorImpl.java:43)
at java.base/java.lang.reflect.Method.invoke(Method.java:566)
at org.testng.internal.MethodInvocationHelper.invokeMethod(MethodInvocationHelper.java:133)
at org.testng.internal.MethodInvocationHelper.invokeMethodConsideringTimeout(MethodInvocationHelper.java:62)
at org.testng.internal.ConfigInvoker.invokeConfigurationMethod(ConfigInvoker.java:385)
at org.testng.internal.ConfigInvoker.invokeConfigurations(ConfigInvoker.java:321)
at org.testng.TestRunner.invokeTestConfigurations(TestRunner.java:637)
at org.testng.TestRunner.beforeRun(TestRunner.java:627)
at org.testng.TestRunner.run(TestRunner.java:589)
at org.testng.SuiteRunner.runTest(SuiteRunner.java:377)
at org.testng.SuiteRunner.runSequentially(SuiteRunner.java:371)
at org.testng.SuiteRunner.privateRun(SuiteRunner.java:332)
at org.testng.SuiteRunner.run(SuiteRunner.java:276)
at org.testng.SuiteRunnerWorker.runSuite(SuiteRunnerWorker.java:53)
at org.testng.SuiteRunnerWorker.run(SuiteRunnerWorker.java:96)
at org.testng.TestNG.runSuitesSequentially(TestNG.java:1212)
at org.testng.TestNG.runSuitesLocally(TestNG.java:1134)
at org.testng.TestNG.runSuites(TestNG.java:1063)
at org.testng.TestNG.run(TestNG.java:1031)
at org.testng.remote.AbstractRemoteTestNG.run(AbstractRemoteTestNG.java:115)
at org.testng.remote.RemoteTestNG.initAndRun(RemoteTestNG.java:251)
at org.testng.remote.RemoteTestNG.main(RemoteTestNG.java:77)
]]>
    </failure>
  </testcase> <!-- @BeforeTest setup -->
  <testcase classname="com.OHRMApplication.LoginFunctionality" name="@AfterTest teardown" time="-1.675062908851E9">
    <skipped/>
  </testcase> <!-- @AfterTest teardown -->
  <testcase classname="com.OHRMApplication.LoginText" name="AddEmployeelistname" time="0.0">
    <skipped/>
  </testcase> <!-- AddEmployeelistname -->
  <testcase classname="com.OHRMApplication.LoginText" name="LoginPanelText" time="0.0">
    <skipped/>
  </testcase> <!-- LoginPanelText -->
  <testcase classname="com.OHRMApplication.LoginText" name="LoginText" time="0.0">
    <skipped/>
  </testcase> <!-- LoginText -->
  <testcase classname="com.OHRMApplication.LoginText" name="TitlevalidationText" time="0.0">
    <skipped/>
  </testcase> <!-- TitlevalidationText -->
  <testcase classname="com.OHRMApplication.LoginText" name="UrlvalidationText" time="0.0">
    <skipped/>
  </testcase> <!-- UrlvalidationText -->
  <testcase classname="com.OHRMApplication.LoginText" name="WelcomeAdmin" time="0.0">
    <skipped/>
  </testcase> <!-- WelcomeAdmin -->
  <testcase classname="com.OHRMApplication.LoginText" name="addEmployee" time="0.0">
    <skipped/>
  </testcase> <!-- addEmployee -->
  <testcase classname="com.OHRMApplication.LoginText" name="dashBoard" time="0.0">
    <skipped/>
  </testcase> <!-- dashBoard -->
  <testcase classname="com.OHRMApplication.LoginText" name="photoEditor" time="0.0">
    <skipped/>
  </testcase> <!-- photoEditor -->
  <testcase classname="com.OHRMApplication.LoginText" name="pimElement" time="0.0">
    <skipped/>
  </testcase> <!-- pimElement -->
</testsuite> <!-- Default test -->
